time="2020-05-14T13:17:39-04:00" level=debug msg="OpenShift Installer 4.4.3"
time="2020-05-14T13:17:39-04:00" level=debug msg="Built from commit 78b817ceb7657f81176bbe182cc6efc73004c841"
time="2020-05-14T13:17:39-04:00" level=debug msg="Fetching Kubeconfig Admin Client..."
time="2020-05-14T13:17:39-04:00" level=debug msg="Loading Kubeconfig Admin Client..."
time="2020-05-14T13:17:39-04:00" level=debug msg="  Loading Certificate (admin-kubeconfig-client)..."
time="2020-05-14T13:17:39-04:00" level=debug msg="    Loading Certificate (admin-kubeconfig-signer)..."
time="2020-05-14T13:17:39-04:00" level=debug msg="  Loading Certificate (kube-apiserver-complete-server-ca-bundle)..."
time="2020-05-14T13:17:39-04:00" level=debug msg="    Loading Certificate (kube-apiserver-localhost-ca-bundle)..."
time="2020-05-14T13:17:39-04:00" level=debug msg="      Loading Certificate (kube-apiserver-localhost-signer)..."
time="2020-05-14T13:17:39-04:00" level=debug msg="    Loading Certificate (kube-apiserver-service-network-ca-bundle)..."
time="2020-05-14T13:17:39-04:00" level=debug msg="      Loading Certificate (kube-apiserver-service-network-signer)..."
time="2020-05-14T13:17:39-04:00" level=debug msg="    Loading Certificate (kube-apiserver-lb-ca-bundle)..."
time="2020-05-14T13:17:39-04:00" level=debug msg="      Loading Certificate (kube-apiserver-lb-signer)..."
time="2020-05-14T13:17:39-04:00" level=debug msg="  Loading Install Config..."
time="2020-05-14T13:17:39-04:00" level=debug msg="    Loading SSH Key..."
time="2020-05-14T13:17:39-04:00" level=debug msg="    Loading Base Domain..."
time="2020-05-14T13:17:39-04:00" level=debug msg="      Loading Platform..."
time="2020-05-14T13:17:39-04:00" level=debug msg="    Loading Cluster Name..."
time="2020-05-14T13:17:39-04:00" level=debug msg="      Loading Base Domain..."
time="2020-05-14T13:17:39-04:00" level=debug msg="      Loading Platform..."
time="2020-05-14T13:17:39-04:00" level=debug msg="    Loading Pull Secret..."
time="2020-05-14T13:17:39-04:00" level=debug msg="    Loading Platform..."
time="2020-05-14T13:17:39-04:00" level=debug msg="  Fetching Certificate (admin-kubeconfig-client)..."
time="2020-05-14T13:17:39-04:00" level=debug msg="    Fetching Certificate (admin-kubeconfig-signer)..."
time="2020-05-14T13:17:39-04:00" level=debug msg="    Generating Certificate (admin-kubeconfig-signer)..."
time="2020-05-14T13:17:40-04:00" level=debug msg="  Generating Certificate (admin-kubeconfig-client)..."
time="2020-05-14T13:17:40-04:00" level=debug msg="  Fetching Certificate (kube-apiserver-complete-server-ca-bundle)..."
time="2020-05-14T13:17:40-04:00" level=debug msg="    Fetching Certificate (kube-apiserver-localhost-ca-bundle)..."
time="2020-05-14T13:17:40-04:00" level=debug msg="      Fetching Certificate (kube-apiserver-localhost-signer)..."
time="2020-05-14T13:17:40-04:00" level=debug msg="      Generating Certificate (kube-apiserver-localhost-signer)..."
time="2020-05-14T13:17:40-04:00" level=debug msg="    Generating Certificate (kube-apiserver-localhost-ca-bundle)..."
time="2020-05-14T13:17:40-04:00" level=debug msg="    Fetching Certificate (kube-apiserver-service-network-ca-bundle)..."
time="2020-05-14T13:17:40-04:00" level=debug msg="      Fetching Certificate (kube-apiserver-service-network-signer)..."
time="2020-05-14T13:17:40-04:00" level=debug msg="      Generating Certificate (kube-apiserver-service-network-signer)..."
time="2020-05-14T13:17:40-04:00" level=debug msg="    Generating Certificate (kube-apiserver-service-network-ca-bundle)..."
time="2020-05-14T13:17:40-04:00" level=debug msg="    Fetching Certificate (kube-apiserver-lb-ca-bundle)..."
time="2020-05-14T13:17:40-04:00" level=debug msg="      Fetching Certificate (kube-apiserver-lb-signer)..."
time="2020-05-14T13:17:40-04:00" level=debug msg="      Generating Certificate (kube-apiserver-lb-signer)..."
time="2020-05-14T13:17:41-04:00" level=debug msg="    Generating Certificate (kube-apiserver-lb-ca-bundle)..."
time="2020-05-14T13:17:41-04:00" level=debug msg="  Generating Certificate (kube-apiserver-complete-server-ca-bundle)..."
time="2020-05-14T13:17:41-04:00" level=debug msg="  Fetching Install Config..."
time="2020-05-14T13:17:41-04:00" level=debug msg="    Fetching SSH Key..."
time="2020-05-14T13:17:41-04:00" level=debug msg="    Generating SSH Key..."
time="2020-05-14T13:17:52-04:00" level=fatal msg="failed to fetch Kubeconfig Admin Client: failed to fetch dependency of \"Kubeconfig Admin Client\": failed to fetch dependency of \"Install Config\": failed to generate asset \"SSH Key\": failed UserInput for SSH public key: interrupt"
time="2020-05-14T14:12:24-04:00" level=debug msg="OpenShift Installer 4.4.3"
time="2020-05-14T14:12:24-04:00" level=debug msg="Built from commit 78b817ceb7657f81176bbe182cc6efc73004c841"
time="2020-05-14T14:12:24-04:00" level=debug msg="Fetching Kubeconfig Admin Client..."
time="2020-05-14T14:12:24-04:00" level=debug msg="Loading Kubeconfig Admin Client..."
time="2020-05-14T14:12:24-04:00" level=debug msg="  Loading Certificate (admin-kubeconfig-client)..."
time="2020-05-14T14:12:24-04:00" level=debug msg="    Loading Certificate (admin-kubeconfig-signer)..."
time="2020-05-14T14:12:24-04:00" level=debug msg="  Loading Certificate (kube-apiserver-complete-server-ca-bundle)..."
time="2020-05-14T14:12:24-04:00" level=debug msg="    Loading Certificate (kube-apiserver-localhost-ca-bundle)..."
time="2020-05-14T14:12:24-04:00" level=debug msg="      Loading Certificate (kube-apiserver-localhost-signer)..."
time="2020-05-14T14:12:24-04:00" level=debug msg="    Loading Certificate (kube-apiserver-service-network-ca-bundle)..."
time="2020-05-14T14:12:24-04:00" level=debug msg="      Loading Certificate (kube-apiserver-service-network-signer)..."
time="2020-05-14T14:12:24-04:00" level=debug msg="    Loading Certificate (kube-apiserver-lb-ca-bundle)..."
time="2020-05-14T14:12:24-04:00" level=debug msg="      Loading Certificate (kube-apiserver-lb-signer)..."
time="2020-05-14T14:12:24-04:00" level=debug msg="  Loading Install Config..."
time="2020-05-14T14:12:24-04:00" level=debug msg="    Loading SSH Key..."
time="2020-05-14T14:12:24-04:00" level=debug msg="    Loading Base Domain..."
time="2020-05-14T14:12:24-04:00" level=debug msg="      Loading Platform..."
time="2020-05-14T14:12:24-04:00" level=debug msg="    Loading Cluster Name..."
time="2020-05-14T14:12:24-04:00" level=debug msg="      Loading Base Domain..."
time="2020-05-14T14:12:24-04:00" level=debug msg="      Loading Platform..."
time="2020-05-14T14:12:24-04:00" level=debug msg="    Loading Pull Secret..."
time="2020-05-14T14:12:24-04:00" level=debug msg="    Loading Platform..."
time="2020-05-14T14:12:24-04:00" level=debug msg="  Fetching Certificate (admin-kubeconfig-client)..."
time="2020-05-14T14:12:24-04:00" level=debug msg="    Fetching Certificate (admin-kubeconfig-signer)..."
time="2020-05-14T14:12:24-04:00" level=debug msg="    Generating Certificate (admin-kubeconfig-signer)..."
time="2020-05-14T14:12:24-04:00" level=debug msg="  Generating Certificate (admin-kubeconfig-client)..."
time="2020-05-14T14:12:24-04:00" level=debug msg="  Fetching Certificate (kube-apiserver-complete-server-ca-bundle)..."
time="2020-05-14T14:12:24-04:00" level=debug msg="    Fetching Certificate (kube-apiserver-localhost-ca-bundle)..."
time="2020-05-14T14:12:24-04:00" level=debug msg="      Fetching Certificate (kube-apiserver-localhost-signer)..."
time="2020-05-14T14:12:24-04:00" level=debug msg="      Generating Certificate (kube-apiserver-localhost-signer)..."
time="2020-05-14T14:12:25-04:00" level=debug msg="    Generating Certificate (kube-apiserver-localhost-ca-bundle)..."
time="2020-05-14T14:12:25-04:00" level=debug msg="    Fetching Certificate (kube-apiserver-service-network-ca-bundle)..."
time="2020-05-14T14:12:25-04:00" level=debug msg="      Fetching Certificate (kube-apiserver-service-network-signer)..."
time="2020-05-14T14:12:25-04:00" level=debug msg="      Generating Certificate (kube-apiserver-service-network-signer)..."
time="2020-05-14T14:12:25-04:00" level=debug msg="    Generating Certificate (kube-apiserver-service-network-ca-bundle)..."
time="2020-05-14T14:12:25-04:00" level=debug msg="    Fetching Certificate (kube-apiserver-lb-ca-bundle)..."
time="2020-05-14T14:12:25-04:00" level=debug msg="      Fetching Certificate (kube-apiserver-lb-signer)..."
time="2020-05-14T14:12:25-04:00" level=debug msg="      Generating Certificate (kube-apiserver-lb-signer)..."
time="2020-05-14T14:12:26-04:00" level=debug msg="    Generating Certificate (kube-apiserver-lb-ca-bundle)..."
time="2020-05-14T14:12:26-04:00" level=debug msg="  Generating Certificate (kube-apiserver-complete-server-ca-bundle)..."
time="2020-05-14T14:12:26-04:00" level=debug msg="  Fetching Install Config..."
time="2020-05-14T14:12:26-04:00" level=debug msg="    Fetching SSH Key..."
time="2020-05-14T14:12:26-04:00" level=debug msg="    Generating SSH Key..."
time="2020-05-14T14:12:26-04:00" level=fatal msg="failed to fetch Kubeconfig Admin Client: failed to fetch dependency of \"Kubeconfig Admin Client\": failed to fetch dependency of \"Install Config\": failed to generate asset \"SSH Key\": failed UserInput for SSH public key: EOF"
